<?xml version="1.0" encoding="UTF-8"?>
<!-- Generated by org.testng.reporters.JUnitReportReporter -->
<testsuite hostname="Laptop-10226" failures="0" tests="1" name="Scripts.Admin_portal" time="22.662" errors="0" timestamp="2024-01-03T14:26:39 IST" skipped="0">
  <testcase classname="Scripts.Admin_portal" name="merchant_management" time="22.662"/>
  <system-out/>
</testsuite> <!-- Scripts.Admin_portal -->
