<?xml version="1.0" encoding="UTF-8"?>
<!-- Generated by org.testng.reporters.JUnitReportReporter -->
<testsuite hostname="Laptop-10226" failures="0" tests="1" name="Scripts.Merchant_flow" time="18.736" errors="0" timestamp="2023-05-23T10:22:38 IST" skipped="0">
  <testcase classname="Scripts.Merchant_flow" name="merchant" time="18.736"/>
  <system-out/>
</testsuite> <!-- Scripts.Merchant_flow -->
